This file contains any messages produced by compilers while
running configure, to aid debugging if configure makes a mistake.

It was created by libupnp configure 1.6.14, which was
generated by GNU Autoconf 2.68.  Invocation command line was

  $ ./configure 

## --------- ##
## Platform. ##
## --------- ##

hostname = iZuf6csvghrbpog6po8kj8Z
uname -m = x86_64
uname -r = 4.15.0-48-generic
uname -s = Linux
uname -v = #51-Ubuntu SMP Wed Apr 3 08:28:49 UTC 2019

/usr/bin/uname -p = unknown
/bin/uname -X     = unknown

/bin/arch              = unknown
/usr/bin/arch -k       = unknown
/usr/convex/getsysinfo = unknown
/usr/bin/hostinfo      = unknown
/bin/machine           = unknown
/usr/bin/oslevel       = unknown
/bin/universe          = unknown

PATH: /usr/local/sbin
PATH: /usr/local/bin
PATH: /usr/sbin
PATH: /usr/bin
PATH: /sbin
PATH: /bin
PATH: /usr/games
PATH: /usr/local/games


## ----------- ##
## Core tests. ##
## ----------- ##

configure:2479: checking for a BSD-compatible install
configure:2547: result: /usr/bin/install -c
configure:2558: checking whether build environment is sane
configure:2608: result: yes
configure:2749: checking for a thread-safe mkdir -p
configure:2788: result: /bin/mkdir -p
configure:2801: checking for gawk
configure:2831: result: no
configure:2801: checking for mawk
configure:2817: found /usr/bin/mawk
configure:2828: result: mawk
configure:2839: checking whether make sets $(MAKE)
configure:2861: result: yes
configure:2950: checking build system type
configure:2964: result: x86_64-unknown-linux-gnu
configure:2984: checking host system type
configure:2997: result: x86_64-unknown-linux-gnu
configure:3064: checking for --enable-debug
configure:3072: result: no
configure:3104: checking for --enable-client
configure:3112: result: yes
configure:3131: checking for --enable-device
configure:3139: result: yes
configure:3161: checking for --enable-webserver
configure:3169: result: yes
configure:3197: checking for --enable-tools
configure:3205: result: yes
configure:3223: checking for --enable-ipv6
configure:3231: result: no
configure:3249: checking for --enable-notification_reordering
configure:3257: result: yes
configure:3275: checking for --enable-blocking_tcp_connections
configure:3283: result: yes
configure:3302: checking for --enable-samples
configure:3310: result: yes
configure:3331: checking for documentation directory
configure:3357: result: ${datarootdir}/doc/libupnp-1.6.14
configure:3412: checking for gcc
configure:3428: found /usr/bin/gcc
configure:3439: result: gcc
configure:3668: checking for C compiler version
configure:3677: gcc --version >&5
gcc (Ubuntu 7.4.0-1ubuntu1~18.04) 7.4.0
Copyright (C) 2017 Free Software Foundation, Inc.
This is free software; see the source for copying conditions.  There is NO
warranty; not even for MERCHANTABILITY or FITNESS FOR A PARTICULAR PURPOSE.

configure:3688: $? = 0
configure:3677: gcc -v >&5
Using built-in specs.
COLLECT_GCC=gcc
COLLECT_LTO_WRAPPER=/usr/lib/gcc/x86_64-linux-gnu/7/lto-wrapper
OFFLOAD_TARGET_NAMES=nvptx-none
OFFLOAD_TARGET_DEFAULT=1
Target: x86_64-linux-gnu
Configured with: ../src/configure -v --with-pkgversion='Ubuntu 7.4.0-1ubuntu1~18.04' --with-bugurl=file:///usr/share/doc/gcc-7/README.Bugs --enable-languages=c,ada,c++,go,brig,d,fortran,objc,obj-c++ --prefix=/usr --with-gcc-major-version-only --program-suffix=-7 --program-prefix=x86_64-linux-gnu- --enable-shared --enable-linker-build-id --libexecdir=/usr/lib --without-included-gettext --enable-threads=posix --libdir=/usr/lib --enable-nls --with-sysroot=/ --enable-clocale=gnu --enable-libstdcxx-debug --enable-libstdcxx-time=yes --with-default-libstdcxx-abi=new --enable-gnu-unique-object --disable-vtable-verify --enable-libmpx --enable-plugin --enable-default-pie --with-system-zlib --with-target-system-zlib --enable-objc-gc=auto --enable-multiarch --disable-werror --with-arch-32=i686 --with-abi=m64 --with-multilib-list=m32,m64,mx32 --enable-multilib --with-tune=generic --enable-offload-targets=nvptx-none --without-cuda-driver --enable-checking=release --build=x86_64-linux-gnu --host=x86_64-linux-gnu --target=x86_64-linux-gnu
Thread model: posix
gcc version 7.4.0 (Ubuntu 7.4.0-1ubuntu1~18.04) 
configure:3688: $? = 0
configure:3677: gcc -V >&5
gcc: error: unrecognized command line option '-V'
gcc: fatal error: no input files
compilation terminated.
configure:3688: $? = 1
configure:3677: gcc -qversion >&5
gcc: error: unrecognized command line option '-qversion'; did you mean '--version'?
gcc: fatal error: no input files
compilation terminated.
configure:3688: $? = 1
configure:3708: checking whether the C compiler works
configure:3730: gcc    conftest.c  >&5
configure:3734: $? = 0
configure:3782: result: yes
configure:3785: checking for C compiler default output file name
configure:3787: result: a.out
configure:3793: checking for suffix of executables
configure:3800: gcc -o conftest    conftest.c  >&5
configure:3804: $? = 0
configure:3826: result: 
configure:3848: checking whether we are cross compiling
configure:3856: gcc -o conftest    conftest.c  >&5
configure:3860: $? = 0
configure:3867: ./conftest
configure:3871: $? = 0
configure:3886: result: no
configure:3891: checking for suffix of object files
configure:3913: gcc -c   conftest.c >&5
configure:3917: $? = 0
configure:3938: result: o
configure:3942: checking whether we are using the GNU C compiler
configure:3961: gcc -c   conftest.c >&5
configure:3961: $? = 0
configure:3970: result: yes
configure:3979: checking whether gcc accepts -g
configure:3999: gcc -c -g  conftest.c >&5
configure:3999: $? = 0
configure:4040: result: yes
configure:4057: checking for gcc option to accept ISO C89
configure:4121: gcc  -c -g -O2  conftest.c >&5
configure:4121: $? = 0
configure:4134: result: none needed
configure:4165: checking for style of include used by make
configure:4193: result: GNU
configure:4218: checking dependency style of gcc
configure:4328: result: gcc3
configure:4344: checking whether gcc and cc understand -c and -o together
configure:4375: gcc -c conftest.c -o conftest2.o >&5
configure:4379: $? = 0
configure:4385: gcc -c conftest.c -o conftest2.o >&5
configure:4389: $? = 0
configure:4400: cc -c conftest.c >&5
configure:4404: $? = 0
configure:4412: cc -c conftest.c -o conftest2.o >&5
configure:4416: $? = 0
configure:4422: cc -c conftest.c -o conftest2.o >&5
configure:4426: $? = 0
configure:4444: result: yes
configure:4494: checking for a sed that does not truncate output
configure:4558: result: /bin/sed
configure:4576: checking for grep that handles long lines and -e
configure:4634: result: /bin/grep
configure:4639: checking for egrep
configure:4701: result: /bin/grep -E
configure:4706: checking for fgrep
configure:4768: result: /bin/grep -F
configure:4803: checking for ld used by gcc
configure:4870: result: /usr/bin/ld
configure:4877: checking if the linker (/usr/bin/ld) is GNU ld
configure:4892: result: yes
configure:4904: checking for BSD- or MS-compatible name lister (nm)
configure:4953: result: /usr/bin/nm -B
configure:5071: checking the name lister (/usr/bin/nm -B) interface
configure:5078: gcc -c -g -O2  conftest.c >&5
configure:5081: /usr/bin/nm -B "conftest.o"
configure:5084: output
0000000000000000 B some_variable
configure:5091: result: BSD nm
configure:5094: checking whether ln -s works
configure:5098: result: yes
configure:5106: checking the maximum length of command line arguments
configure:5226: result: 1572864
configure:5243: checking whether the shell understands some XSI constructs
configure:5253: result: yes
configure:5257: checking whether the shell understands "+="
configure:5263: result: yes
configure:5298: checking for /usr/bin/ld option to reload object files
configure:5305: result: -r
configure:5374: checking for objdump
configure:5390: found /usr/bin/objdump
configure:5401: result: objdump
configure:5433: checking how to recognize dependent libraries
configure:5629: result: pass_all
configure:5689: checking for ar
configure:5705: found /usr/bin/ar
configure:5716: result: ar
configure:5794: checking for strip
configure:5810: found /usr/bin/strip
configure:5821: result: strip
configure:5893: checking for ranlib
configure:5909: found /usr/bin/ranlib
configure:5920: result: ranlib
configure:6010: checking command to parse /usr/bin/nm -B output from gcc object
configure:6128: gcc -c -g -O2  conftest.c >&5
configure:6131: $? = 0
configure:6135: /usr/bin/nm -B conftest.o \| sed -n -e 's/^.*[	 ]\([ABCDGIRSTW][ABCDGIRSTW]*\)[	 ][	 ]*\([_A-Za-z][_A-Za-z0-9]*\)$/\1 \2 \2/p' \> conftest.nm
configure:6138: $? = 0
configure:6192: gcc -o conftest -g -O2   conftest.c conftstm.o >&5
configure:6195: $? = 0
configure:6233: result: ok
configure:6329: gcc -c -g -O2  conftest.c >&5
configure:6332: $? = 0
configure:7042: checking how to run the C preprocessor
configure:7073: gcc -E  conftest.c
configure:7073: $? = 0
configure:7087: gcc -E  conftest.c
conftest.c:23:10: fatal error: ac_nonexistent.h: No such file or directory
 #include <ac_nonexistent.h>
          ^~~~~~~~~~~~~~~~~~
compilation terminated.
configure:7087: $? = 1
configure: failed program was:
| /* confdefs.h */
| #define PACKAGE_NAME "libupnp"
| #define PACKAGE_TARNAME "libupnp"
| #define PACKAGE_VERSION "1.6.14"
| #define PACKAGE_STRING "libupnp 1.6.14"
| #define PACKAGE_BUGREPORT "mroberto@users.sourceforge.net"
| #define PACKAGE_URL ""
| #define PACKAGE "libupnp"
| #define VERSION "1.6.14"
| #define UPNP_VERSION_STRING "1.6.14"
| #define UPNP_VERSION_MAJOR 1
| #define UPNP_VERSION_MINOR 6
| #define UPNP_VERSION_PATCH 14
| #define NO_DEBUG 1
| #define NDEBUG 1
| #define UPNP_HAVE_CLIENT 1
| #define UPNP_HAVE_DEVICE 1
| #define UPNP_HAVE_WEBSERVER 1
| #define UPNP_HAVE_TOOLS 1
| #define UPNP_ENABLE_NOTIFICATION_REORDERING 1
| #define UPNP_ENABLE_BLOCKING_TCP_CONNECTIONS 1
| /* end confdefs.h.  */
| #include <ac_nonexistent.h>
configure:7112: result: gcc -E
configure:7132: gcc -E  conftest.c
configure:7132: $? = 0
configure:7146: gcc -E  conftest.c
conftest.c:23:10: fatal error: ac_nonexistent.h: No such file or directory
 #include <ac_nonexistent.h>
          ^~~~~~~~~~~~~~~~~~
compilation terminated.
configure:7146: $? = 1
configure: failed program was:
| /* confdefs.h */
| #define PACKAGE_NAME "libupnp"
| #define PACKAGE_TARNAME "libupnp"
| #define PACKAGE_VERSION "1.6.14"
| #define PACKAGE_STRING "libupnp 1.6.14"
| #define PACKAGE_BUGREPORT "mroberto@users.sourceforge.net"
| #define PACKAGE_URL ""
| #define PACKAGE "libupnp"
| #define VERSION "1.6.14"
| #define UPNP_VERSION_STRING "1.6.14"
| #define UPNP_VERSION_MAJOR 1
| #define UPNP_VERSION_MINOR 6
| #define UPNP_VERSION_PATCH 14
| #define NO_DEBUG 1
| #define NDEBUG 1
| #define UPNP_HAVE_CLIENT 1
| #define UPNP_HAVE_DEVICE 1
| #define UPNP_HAVE_WEBSERVER 1
| #define UPNP_HAVE_TOOLS 1
| #define UPNP_ENABLE_NOTIFICATION_REORDERING 1
| #define UPNP_ENABLE_BLOCKING_TCP_CONNECTIONS 1
| /* end confdefs.h.  */
| #include <ac_nonexistent.h>
configure:7175: checking for ANSI C header files
configure:7195: gcc -c -g -O2  conftest.c >&5
configure:7195: $? = 0
configure:7268: gcc -o conftest -g -O2   conftest.c  >&5
configure:7268: $? = 0
configure:7268: ./conftest
configure:7268: $? = 0
configure:7279: result: yes
configure:7292: checking for sys/types.h
configure:7292: gcc -c -g -O2  conftest.c >&5
configure:7292: $? = 0
configure:7292: result: yes
configure:7292: checking for sys/stat.h
configure:7292: gcc -c -g -O2  conftest.c >&5
configure:7292: $? = 0
configure:7292: result: yes
configure:7292: checking for stdlib.h
configure:7292: gcc -c -g -O2  conftest.c >&5
configure:7292: $? = 0
configure:7292: result: yes
configure:7292: checking for string.h
configure:7292: gcc -c -g -O2  conftest.c >&5
configure:7292: $? = 0
configure:7292: result: yes
configure:7292: checking for memory.h
configure:7292: gcc -c -g -O2  conftest.c >&5
configure:7292: $? = 0
configure:7292: result: yes
configure:7292: checking for strings.h
configure:7292: gcc -c -g -O2  conftest.c >&5
configure:7292: $? = 0
configure:7292: result: yes
configure:7292: checking for inttypes.h
configure:7292: gcc -c -g -O2  conftest.c >&5
configure:7292: $? = 0
configure:7292: result: yes
configure:7292: checking for stdint.h
configure:7292: gcc -c -g -O2  conftest.c >&5
configure:7292: $? = 0
configure:7292: result: yes
configure:7292: checking for unistd.h
configure:7292: gcc -c -g -O2  conftest.c >&5
configure:7292: $? = 0
configure:7292: result: yes
configure:7306: checking for dlfcn.h
configure:7306: gcc -c -g -O2  conftest.c >&5
configure:7306: $? = 0
configure:7306: result: yes
configure:7490: checking for objdir
configure:7505: result: .libs
configure:7801: checking if gcc supports -fno-rtti -fno-exceptions
configure:7819: gcc -c -g -O2  -fno-rtti -fno-exceptions conftest.c >&5
cc1: warning: command line option '-fno-rtti' is valid for C++/ObjC++ but not for C
configure:7823: $? = 0
configure:7836: result: no
configure:7856: checking for gcc option to produce PIC
configure:8128: result: -fPIC -DPIC
configure:8140: checking if gcc PIC flag -fPIC -DPIC works
configure:8158: gcc -c -g -O2  -fPIC -DPIC -DPIC conftest.c >&5
configure:8162: $? = 0
configure:8175: result: yes
configure:8199: checking if gcc static flag -static works
configure:8227: result: yes
configure:8242: checking if gcc supports -c -o file.o
configure:8263: gcc -c -g -O2  -o out/conftest2.o conftest.c >&5
configure:8267: $? = 0
configure:8289: result: yes
configure:8297: checking if gcc supports -c -o file.o
configure:8344: result: yes
configure:8377: checking whether the gcc linker (/usr/bin/ld -m elf_x86_64) supports shared libraries
configure:9364: result: yes
configure:9401: checking whether -lc should be explicitly linked in
configure:9406: gcc -c -g -O2  conftest.c >&5
configure:9409: $? = 0
configure:9424: gcc -shared conftest.o  -v -Wl,-soname -Wl,conftest -o conftest 2\>\&1 \| /bin/grep  -lc  \>/dev/null 2\>\&1
configure:9427: $? = 0
configure:9439: result: no
configure:9603: checking dynamic linker characteristics
configure:10036: gcc -o conftest -g -O2   -Wl,-rpath -Wl,/foo conftest.c  >&5
configure:10036: $? = 0
configure:10254: result: GNU/Linux ld.so
configure:10356: checking how to hardcode library paths into programs
configure:10381: result: immediate
configure:10901: checking whether stripping libraries is possible
configure:10906: result: yes
configure:10941: checking if libtool supports shared libraries
configure:10943: result: yes
configure:10946: checking whether to build shared libraries
configure:10967: result: yes
configure:10970: checking whether to build static libraries
configure:10974: result: yes
configure:11010: checking whether make sets $(MAKE)
configure:11032: result: yes
configure:11041: checking for egrep
configure:11103: result: /bin/grep -E
configure:11192: checking CFLAGS for gcc -Os
configure:11219: gcc -c -g -O2 -pedantic -Werror  -Os  conftest.c >&5
configure:11219: $? = 0
configure:11233: result: -Os
configure:11245: : CFLAGS="$CFLAGS $ac_cv_cflags_gcc_option__Os"
configure:11248: $? = 0
configure:11259: checking CFLAGS for maximum warnings
configure:11286: gcc -c -g -O2 -Os -pedantic  -Wall  conftest.c >&5
configure:11286: $? = 0
configure:11300: result: -Wall
configure:11313: : CFLAGS="$CFLAGS $ac_cv_cflags_warn_all"
configure:11316: $? = 0
configure:11329: checking for size_t
configure:11329: gcc -c -g -O2 -Os -Wall  conftest.c >&5
configure:11329: $? = 0
configure:11329: gcc -c -g -O2 -Os -Wall  conftest.c >&5
conftest.c: In function 'main':
conftest.c:71:21: error: expected expression before ')' token
 if (sizeof ((size_t)))
                     ^
configure:11329: $? = 1
configure: failed program was:
| /* confdefs.h */
| #define PACKAGE_NAME "libupnp"
| #define PACKAGE_TARNAME "libupnp"
| #define PACKAGE_VERSION "1.6.14"
| #define PACKAGE_STRING "libupnp 1.6.14"
| #define PACKAGE_BUGREPORT "mroberto@users.sourceforge.net"
| #define PACKAGE_URL ""
| #define PACKAGE "libupnp"
| #define VERSION "1.6.14"
| #define UPNP_VERSION_STRING "1.6.14"
| #define UPNP_VERSION_MAJOR 1
| #define UPNP_VERSION_MINOR 6
| #define UPNP_VERSION_PATCH 14
| #define NO_DEBUG 1
| #define NDEBUG 1
| #define UPNP_HAVE_CLIENT 1
| #define UPNP_HAVE_DEVICE 1
| #define UPNP_HAVE_WEBSERVER 1
| #define UPNP_HAVE_TOOLS 1
| #define UPNP_ENABLE_NOTIFICATION_REORDERING 1
| #define UPNP_ENABLE_BLOCKING_TCP_CONNECTIONS 1
| #define STDC_HEADERS 1
| #define HAVE_SYS_TYPES_H 1
| #define HAVE_SYS_STAT_H 1
| #define HAVE_STDLIB_H 1
| #define HAVE_STRING_H 1
| #define HAVE_MEMORY_H 1
| #define HAVE_STRINGS_H 1
| #define HAVE_INTTYPES_H 1
| #define HAVE_STDINT_H 1
| #define HAVE_UNISTD_H 1
| #define HAVE_DLFCN_H 1
| #define LT_OBJDIR ".libs/"
| /* end confdefs.h.  */
| #include <stdio.h>
| #ifdef HAVE_SYS_TYPES_H
| # include <sys/types.h>
| #endif
| #ifdef HAVE_SYS_STAT_H
| # include <sys/stat.h>
| #endif
| #ifdef STDC_HEADERS
| # include <stdlib.h>
| # include <stddef.h>
| #else
| # ifdef HAVE_STDLIB_H
| #  include <stdlib.h>
| # endif
| #endif
| #ifdef HAVE_STRING_H
| # if !defined STDC_HEADERS && defined HAVE_MEMORY_H
| #  include <memory.h>
| # endif
| # include <string.h>
| #endif
| #ifdef HAVE_STRINGS_H
| # include <strings.h>
| #endif
| #ifdef HAVE_INTTYPES_H
| # include <inttypes.h>
| #endif
| #ifdef HAVE_STDINT_H
| # include <stdint.h>
| #endif
| #ifdef HAVE_UNISTD_H
| # include <unistd.h>
| #endif
| int
| main ()
| {
| if (sizeof ((size_t)))
| 	    return 0;
|   ;
|   return 0;
| }
configure:11329: result: yes
configure:11340: checking for off_t
configure:11340: gcc -c -g -O2 -Os -Wall  conftest.c >&5
configure:11340: $? = 0
configure:11340: gcc -c -g -O2 -Os -Wall  conftest.c >&5
conftest.c: In function 'main':
conftest.c:71:20: error: expected expression before ')' token
 if (sizeof ((off_t)))
                    ^
configure:11340: $? = 1
configure: failed program was:
| /* confdefs.h */
| #define PACKAGE_NAME "libupnp"
| #define PACKAGE_TARNAME "libupnp"
| #define PACKAGE_VERSION "1.6.14"
| #define PACKAGE_STRING "libupnp 1.6.14"
| #define PACKAGE_BUGREPORT "mroberto@users.sourceforge.net"
| #define PACKAGE_URL ""
| #define PACKAGE "libupnp"
| #define VERSION "1.6.14"
| #define UPNP_VERSION_STRING "1.6.14"
| #define UPNP_VERSION_MAJOR 1
| #define UPNP_VERSION_MINOR 6
| #define UPNP_VERSION_PATCH 14
| #define NO_DEBUG 1
| #define NDEBUG 1
| #define UPNP_HAVE_CLIENT 1
| #define UPNP_HAVE_DEVICE 1
| #define UPNP_HAVE_WEBSERVER 1
| #define UPNP_HAVE_TOOLS 1
| #define UPNP_ENABLE_NOTIFICATION_REORDERING 1
| #define UPNP_ENABLE_BLOCKING_TCP_CONNECTIONS 1
| #define STDC_HEADERS 1
| #define HAVE_SYS_TYPES_H 1
| #define HAVE_SYS_STAT_H 1
| #define HAVE_STDLIB_H 1
| #define HAVE_STRING_H 1
| #define HAVE_MEMORY_H 1
| #define HAVE_STRINGS_H 1
| #define HAVE_INTTYPES_H 1
| #define HAVE_STDINT_H 1
| #define HAVE_UNISTD_H 1
| #define HAVE_DLFCN_H 1
| #define LT_OBJDIR ".libs/"
| /* end confdefs.h.  */
| #include <stdio.h>
| #ifdef HAVE_SYS_TYPES_H
| # include <sys/types.h>
| #endif
| #ifdef HAVE_SYS_STAT_H
| # include <sys/stat.h>
| #endif
| #ifdef STDC_HEADERS
| # include <stdlib.h>
| # include <stddef.h>
| #else
| # ifdef HAVE_STDLIB_H
| #  include <stdlib.h>
| # endif
| #endif
| #ifdef HAVE_STRING_H
| # if !defined STDC_HEADERS && defined HAVE_MEMORY_H
| #  include <memory.h>
| # endif
| # include <string.h>
| #endif
| #ifdef HAVE_STRINGS_H
| # include <strings.h>
| #endif
| #ifdef HAVE_INTTYPES_H
| # include <inttypes.h>
| #endif
| #ifdef HAVE_STDINT_H
| # include <stdint.h>
| #endif
| #ifdef HAVE_UNISTD_H
| # include <unistd.h>
| #endif
| int
| main ()
| {
| if (sizeof ((off_t)))
| 	    return 0;
|   ;
|   return 0;
| }
configure:11340: result: yes
configure:11362: checking for Win32
configure:11379: gcc -c -g -O2 -Os -Wall  conftest.c >&5
configure:11379: $? = 0
configure:11389: result: no
configure:11397: checking for ANSI C header files
configure:11501: result: yes
configure:11529: checking arpa/inet.h usability
configure:11529: gcc -c -g -O2 -Os -Wall  conftest.c >&5
configure:11529: $? = 0
configure:11529: result: yes
configure:11529: checking arpa/inet.h presence
configure:11529: gcc -E  conftest.c
configure:11529: $? = 0
configure:11529: result: yes
configure:11529: checking for arpa/inet.h
configure:11529: result: yes
configure:11529: checking fcntl.h usability
configure:11529: gcc -c -g -O2 -Os -Wall  conftest.c >&5
configure:11529: $? = 0
configure:11529: result: yes
configure:11529: checking fcntl.h presence
configure:11529: gcc -E  conftest.c
configure:11529: $? = 0
configure:11529: result: yes
configure:11529: checking for fcntl.h
configure:11529: result: yes
configure:11529: checking for inttypes.h
configure:11529: result: yes
configure:11529: checking limits.h usability
configure:11529: gcc -c -g -O2 -Os -Wall  conftest.c >&5
configure:11529: $? = 0
configure:11529: result: yes
configure:11529: checking limits.h presence
configure:11529: gcc -E  conftest.c
configure:11529: $? = 0
configure:11529: result: yes
configure:11529: checking for limits.h
configure:11529: result: yes
configure:11529: checking netdb.h usability
configure:11529: gcc -c -g -O2 -Os -Wall  conftest.c >&5
configure:11529: $? = 0
configure:11529: result: yes
configure:11529: checking netdb.h presence
configure:11529: gcc -E  conftest.c
configure:11529: $? = 0
configure:11529: result: yes
configure:11529: checking for netdb.h
configure:11529: result: yes
configure:11529: checking netinet/in.h usability
configure:11529: gcc -c -g -O2 -Os -Wall  conftest.c >&5
configure:11529: $? = 0
configure:11529: result: yes
configure:11529: checking netinet/in.h presence
configure:11529: gcc -E  conftest.c
configure:11529: $? = 0
configure:11529: result: yes
configure:11529: checking for netinet/in.h
configure:11529: result: yes
configure:11529: checking for stdlib.h
configure:11529: result: yes
configure:11529: checking for string.h
configure:11529: result: yes
configure:11529: checking sys/ioctl.h usability
configure:11529: gcc -c -g -O2 -Os -Wall  conftest.c >&5
configure:11529: $? = 0
configure:11529: result: yes
configure:11529: checking sys/ioctl.h presence
configure:11529: gcc -E  conftest.c
configure:11529: $? = 0
configure:11529: result: yes
configure:11529: checking for sys/ioctl.h
configure:11529: result: yes
configure:11529: checking sys/socket.h usability
configure:11529: gcc -c -g -O2 -Os -Wall  conftest.c >&5
configure:11529: $? = 0
configure:11529: result: yes
configure:11529: checking sys/socket.h presence
configure:11529: gcc -E  conftest.c
configure:11529: $? = 0
configure:11529: result: yes
configure:11529: checking for sys/socket.h
configure:11529: result: yes
configure:11529: checking sys/time.h usability
configure:11529: gcc -c -g -O2 -Os -Wall  conftest.c >&5
configure:11529: $? = 0
configure:11529: result: yes
configure:11529: checking sys/time.h presence
configure:11529: gcc -E  conftest.c
configure:11529: $? = 0
configure:11529: result: yes
configure:11529: checking for sys/time.h
configure:11529: result: yes
configure:11529: checking syslog.h usability
configure:11529: gcc -c -g -O2 -Os -Wall  conftest.c >&5
configure:11529: $? = 0
configure:11529: result: yes
configure:11529: checking syslog.h presence
configure:11529: gcc -E  conftest.c
configure:11529: $? = 0
configure:11529: result: yes
configure:11529: checking for syslog.h
configure:11529: result: yes
configure:11529: checking for unistd.h
configure:11529: result: yes
configure:11547: checking for an ANSI C-conforming const
configure:11612: gcc -c -g -O2 -Os -Wall  conftest.c >&5
conftest.c: In function 'main':
conftest.c:80:7: warning: 't' is used uninitialized in this function [-Wuninitialized]
     *t++ = 0;
      ~^~
conftest.c:102:13: warning: 'cs[0]' is used uninitialized in this function [-Wuninitialized]
   return !cs[0] && !zero.x;
           ~~^~~
configure:11612: $? = 0
configure:11619: result: yes
configure:11635: checking for sys/types.h
configure:11635: result: yes
configure:11635: checking for sys/socket.h
configure:11635: result: yes
configure:11635: checking ws2tcpip.h usability
configure:11635: gcc -c -g -O2 -Os -Wall  conftest.c >&5
conftest.c:86:10: fatal error: ws2tcpip.h: No such file or directory
 #include <ws2tcpip.h>
          ^~~~~~~~~~~~
compilation terminated.
configure:11635: $? = 1
configure: failed program was:
| /* confdefs.h */
| #define PACKAGE_NAME "libupnp"
| #define PACKAGE_TARNAME "libupnp"
| #define PACKAGE_VERSION "1.6.14"
| #define PACKAGE_STRING "libupnp 1.6.14"
| #define PACKAGE_BUGREPORT "mroberto@users.sourceforge.net"
| #define PACKAGE_URL ""
| #define PACKAGE "libupnp"
| #define VERSION "1.6.14"
| #define UPNP_VERSION_STRING "1.6.14"
| #define UPNP_VERSION_MAJOR 1
| #define UPNP_VERSION_MINOR 6
| #define UPNP_VERSION_PATCH 14
| #define NO_DEBUG 1
| #define NDEBUG 1
| #define UPNP_HAVE_CLIENT 1
| #define UPNP_HAVE_DEVICE 1
| #define UPNP_HAVE_WEBSERVER 1
| #define UPNP_HAVE_TOOLS 1
| #define UPNP_ENABLE_NOTIFICATION_REORDERING 1
| #define UPNP_ENABLE_BLOCKING_TCP_CONNECTIONS 1
| #define STDC_HEADERS 1
| #define HAVE_SYS_TYPES_H 1
| #define HAVE_SYS_STAT_H 1
| #define HAVE_STDLIB_H 1
| #define HAVE_STRING_H 1
| #define HAVE_MEMORY_H 1
| #define HAVE_STRINGS_H 1
| #define HAVE_INTTYPES_H 1
| #define HAVE_STDINT_H 1
| #define HAVE_UNISTD_H 1
| #define HAVE_DLFCN_H 1
| #define LT_OBJDIR ".libs/"
| #define _LARGE_FILE_SOURCE /**/
| #define _FILE_OFFSET_BITS 64
| #define STDC_HEADERS 1
| #define HAVE_ARPA_INET_H 1
| #define HAVE_FCNTL_H 1
| #define HAVE_INTTYPES_H 1
| #define HAVE_LIMITS_H 1
| #define HAVE_NETDB_H 1
| #define HAVE_NETINET_IN_H 1
| #define HAVE_STDLIB_H 1
| #define HAVE_STRING_H 1
| #define HAVE_SYS_IOCTL_H 1
| #define HAVE_SYS_SOCKET_H 1
| #define HAVE_SYS_TIME_H 1
| #define HAVE_SYSLOG_H 1
| #define HAVE_UNISTD_H 1
| #define HAVE_SYS_TYPES_H 1
| #define HAVE_SYS_SOCKET_H 1
| /* end confdefs.h.  */
| #include <stdio.h>
| #ifdef HAVE_SYS_TYPES_H
| # include <sys/types.h>
| #endif
| #ifdef HAVE_SYS_STAT_H
| # include <sys/stat.h>
| #endif
| #ifdef STDC_HEADERS
| # include <stdlib.h>
| # include <stddef.h>
| #else
| # ifdef HAVE_STDLIB_H
| #  include <stdlib.h>
| # endif
| #endif
| #ifdef HAVE_STRING_H
| # if !defined STDC_HEADERS && defined HAVE_MEMORY_H
| #  include <memory.h>
| # endif
| # include <string.h>
| #endif
| #ifdef HAVE_STRINGS_H
| # include <strings.h>
| #endif
| #ifdef HAVE_INTTYPES_H
| # include <inttypes.h>
| #endif
| #ifdef HAVE_STDINT_H
| # include <stdint.h>
| #endif
| #ifdef HAVE_UNISTD_H
| # include <unistd.h>
| #endif
| #include <ws2tcpip.h>
configure:11635: result: no
configure:11635: checking ws2tcpip.h presence
configure:11635: gcc -E  conftest.c
conftest.c:53:10: fatal error: ws2tcpip.h: No such file or directory
 #include <ws2tcpip.h>
          ^~~~~~~~~~~~
compilation terminated.
configure:11635: $? = 1
configure: failed program was:
| /* confdefs.h */
| #define PACKAGE_NAME "libupnp"
| #define PACKAGE_TARNAME "libupnp"
| #define PACKAGE_VERSION "1.6.14"
| #define PACKAGE_STRING "libupnp 1.6.14"
| #define PACKAGE_BUGREPORT "mroberto@users.sourceforge.net"
| #define PACKAGE_URL ""
| #define PACKAGE "libupnp"
| #define VERSION "1.6.14"
| #define UPNP_VERSION_STRING "1.6.14"
| #define UPNP_VERSION_MAJOR 1
| #define UPNP_VERSION_MINOR 6
| #define UPNP_VERSION_PATCH 14
| #define NO_DEBUG 1
| #define NDEBUG 1
| #define UPNP_HAVE_CLIENT 1
| #define UPNP_HAVE_DEVICE 1
| #define UPNP_HAVE_WEBSERVER 1
| #define UPNP_HAVE_TOOLS 1
| #define UPNP_ENABLE_NOTIFICATION_REORDERING 1
| #define UPNP_ENABLE_BLOCKING_TCP_CONNECTIONS 1
| #define STDC_HEADERS 1
| #define HAVE_SYS_TYPES_H 1
| #define HAVE_SYS_STAT_H 1
| #define HAVE_STDLIB_H 1
| #define HAVE_STRING_H 1
| #define HAVE_MEMORY_H 1
| #define HAVE_STRINGS_H 1
| #define HAVE_INTTYPES_H 1
| #define HAVE_STDINT_H 1
| #define HAVE_UNISTD_H 1
| #define HAVE_DLFCN_H 1
| #define LT_OBJDIR ".libs/"
| #define _LARGE_FILE_SOURCE /**/
| #define _FILE_OFFSET_BITS 64
| #define STDC_HEADERS 1
| #define HAVE_ARPA_INET_H 1
| #define HAVE_FCNTL_H 1
| #define HAVE_INTTYPES_H 1
| #define HAVE_LIMITS_H 1
| #define HAVE_NETDB_H 1
| #define HAVE_NETINET_IN_H 1
| #define HAVE_STDLIB_H 1
| #define HAVE_STRING_H 1
| #define HAVE_SYS_IOCTL_H 1
| #define HAVE_SYS_SOCKET_H 1
| #define HAVE_SYS_TIME_H 1
| #define HAVE_SYSLOG_H 1
| #define HAVE_UNISTD_H 1
| #define HAVE_SYS_TYPES_H 1
| #define HAVE_SYS_SOCKET_H 1
| /* end confdefs.h.  */
| #include <ws2tcpip.h>
configure:11635: result: no
configure:11635: checking for ws2tcpip.h
configure:11635: result: no
configure:11645: checking for socklen_t
configure:11669: gcc -c -g -O2 -Os -Wall  conftest.c >&5
configure:11669: $? = 0
configure:11676: result: yes
configure:11692: checking for vprintf
configure:11692: gcc -o conftest -g -O2 -Os -Wall   conftest.c  >&5
conftest.c:76:6: warning: conflicting types for built-in function 'vprintf' [-Wbuiltin-declaration-mismatch]
 char vprintf ();
      ^~~~~~~
configure:11692: $? = 0
configure:11692: result: yes
configure:11698: checking for _doprnt
configure:11698: gcc -o conftest -g -O2 -Os -Wall   conftest.c  >&5
/tmp/ccuwUesn.o: In function `main':
/home/xiaonai/lxy/libupnp/libupnp-1.6.14/conftest.c:88: undefined reference to `_doprnt'
collect2: error: ld returned 1 exit status
configure:11698: $? = 1
configure: failed program was:
| /* confdefs.h */
| #define PACKAGE_NAME "libupnp"
| #define PACKAGE_TARNAME "libupnp"
| #define PACKAGE_VERSION "1.6.14"
| #define PACKAGE_STRING "libupnp 1.6.14"
| #define PACKAGE_BUGREPORT "mroberto@users.sourceforge.net"
| #define PACKAGE_URL ""
| #define PACKAGE "libupnp"
| #define VERSION "1.6.14"
| #define UPNP_VERSION_STRING "1.6.14"
| #define UPNP_VERSION_MAJOR 1
| #define UPNP_VERSION_MINOR 6
| #define UPNP_VERSION_PATCH 14
| #define NO_DEBUG 1
| #define NDEBUG 1
| #define UPNP_HAVE_CLIENT 1
| #define UPNP_HAVE_DEVICE 1
| #define UPNP_HAVE_WEBSERVER 1
| #define UPNP_HAVE_TOOLS 1
| #define UPNP_ENABLE_NOTIFICATION_REORDERING 1
| #define UPNP_ENABLE_BLOCKING_TCP_CONNECTIONS 1
| #define STDC_HEADERS 1
| #define HAVE_SYS_TYPES_H 1
| #define HAVE_SYS_STAT_H 1
| #define HAVE_STDLIB_H 1
| #define HAVE_STRING_H 1
| #define HAVE_MEMORY_H 1
| #define HAVE_STRINGS_H 1
| #define HAVE_INTTYPES_H 1
| #define HAVE_STDINT_H 1
| #define HAVE_UNISTD_H 1
| #define HAVE_DLFCN_H 1
| #define LT_OBJDIR ".libs/"
| #define _LARGE_FILE_SOURCE /**/
| #define _FILE_OFFSET_BITS 64
| #define STDC_HEADERS 1
| #define HAVE_ARPA_INET_H 1
| #define HAVE_FCNTL_H 1
| #define HAVE_INTTYPES_H 1
| #define HAVE_LIMITS_H 1
| #define HAVE_NETDB_H 1
| #define HAVE_NETINET_IN_H 1
| #define HAVE_STDLIB_H 1
| #define HAVE_STRING_H 1
| #define HAVE_SYS_IOCTL_H 1
| #define HAVE_SYS_SOCKET_H 1
| #define HAVE_SYS_TIME_H 1
| #define HAVE_SYSLOG_H 1
| #define HAVE_UNISTD_H 1
| #define HAVE_SYS_TYPES_H 1
| #define HAVE_SYS_SOCKET_H 1
| #define HAVE_VPRINTF 1
| /* end confdefs.h.  */
| /* Define _doprnt to an innocuous variant, in case <limits.h> declares _doprnt.
|    For example, HP-UX 11i <limits.h> declares gettimeofday.  */
| #define _doprnt innocuous__doprnt
| 
| /* System header to define __stub macros and hopefully few prototypes,
|     which can conflict with char _doprnt (); below.
|     Prefer <limits.h> to <assert.h> if __STDC__ is defined, since
|     <limits.h> exists even on freestanding compilers.  */
| 
| #ifdef __STDC__
| # include <limits.h>
| #else
| # include <assert.h>
| #endif
| 
| #undef _doprnt
| 
| /* Override any GCC internal prototype to avoid an error.
|    Use char because int might match the return type of a GCC
|    builtin and then its argument prototype would still apply.  */
| #ifdef __cplusplus
| extern "C"
| #endif
| char _doprnt ();
| /* The GNU C library defines this for functions which it implements
|     to always fail with ENOSYS.  Some functions are actually named
|     something starting with __ and the normal name is an alias.  */
| #if defined __stub__doprnt || defined __stub____doprnt
| choke me
| #endif
| 
| int
| main ()
| {
| return _doprnt ();
|   ;
|   return 0;
| }
configure:11698: result: no
configure:11709: checking for _LARGEFILE_SOURCE value needed for large files
configure:11728: gcc -o conftest -g -O2 -Os -Wall   conftest.c  >&5
configure:11728: $? = 0
configure:11756: result: no
configure:11777: checking for strnlen
configure:11777: gcc -o conftest -g -O2 -Os -Wall   conftest.c  >&5
configure:11777: $? = 0
configure:11777: result: yes
configure:11784: checking for strndup
configure:11784: gcc -o conftest -g -O2 -Os -Wall   conftest.c  >&5
conftest.c:79:6: warning: conflicting types for built-in function 'strndup' [-Wbuiltin-declaration-mismatch]
 char strndup ();
      ^~~~~~~
configure:11784: $? = 0
configure:11784: result: yes
configure:11793: checking for library containing bind
configure:11824: gcc -o conftest -g -O2 -Os -Wall   conftest.c  >&5
configure:11824: $? = 0
configure:11841: result: none required
configure:11849: checking for library containing gethostbyname
configure:11880: gcc -o conftest -g -O2 -Os -Wall   conftest.c  >&5
configure:11880: $? = 0
configure:11897: result: none required
configure:11905: checking for library containing sched_getparam
configure:11936: gcc -o conftest -g -O2 -Os -Wall   conftest.c  >&5
configure:11936: $? = 0
configure:11953: result: none required
configure:12132: checking for the pthreads library -lpthreads
configure:12165: gcc -o conftest -g -O2 -Os -Wall    conftest.c -lpthreads  >&5
conftest.c: In function 'main':
conftest.c:62:22: warning: null argument where non-null required (argument 1) [-Wnonnull]
                      pthread_attr_init(0); pthread_cleanup_push(0, 0);
                      ^~~~~~~~~~~~~~~~~
conftest.c:63:22: warning: null argument where non-null required (argument 1) [-Wnonnull]
                      pthread_create(0,0,0,0); pthread_cleanup_pop(0);
                      ^~~~~~~~~~~~~~
conftest.c:63:22: warning: null argument where non-null required (argument 3) [-Wnonnull]
conftest.c:61:15: warning: 'th' is used uninitialized in this function [-Wuninitialized]
 pthread_t th; pthread_join(th, 0);
               ^~~~~~~~~~~~~~~~~~~
/usr/bin/ld: cannot find -lpthreads
collect2: error: ld returned 1 exit status
configure:12165: $? = 1
configure: failed program was:
| /* confdefs.h */
| #define PACKAGE_NAME "libupnp"
| #define PACKAGE_TARNAME "libupnp"
| #define PACKAGE_VERSION "1.6.14"
| #define PACKAGE_STRING "libupnp 1.6.14"
| #define PACKAGE_BUGREPORT "mroberto@users.sourceforge.net"
| #define PACKAGE_URL ""
| #define PACKAGE "libupnp"
| #define VERSION "1.6.14"
| #define UPNP_VERSION_STRING "1.6.14"
| #define UPNP_VERSION_MAJOR 1
| #define UPNP_VERSION_MINOR 6
| #define UPNP_VERSION_PATCH 14
| #define NO_DEBUG 1
| #define NDEBUG 1
| #define UPNP_HAVE_CLIENT 1
| #define UPNP_HAVE_DEVICE 1
| #define UPNP_HAVE_WEBSERVER 1
| #define UPNP_HAVE_TOOLS 1
| #define UPNP_ENABLE_NOTIFICATION_REORDERING 1
| #define UPNP_ENABLE_BLOCKING_TCP_CONNECTIONS 1
| #define STDC_HEADERS 1
| #define HAVE_SYS_TYPES_H 1
| #define HAVE_SYS_STAT_H 1
| #define HAVE_STDLIB_H 1
| #define HAVE_STRING_H 1
| #define HAVE_MEMORY_H 1
| #define HAVE_STRINGS_H 1
| #define HAVE_INTTYPES_H 1
| #define HAVE_STDINT_H 1
| #define HAVE_UNISTD_H 1
| #define HAVE_DLFCN_H 1
| #define LT_OBJDIR ".libs/"
| #define _LARGE_FILE_SOURCE /**/
| #define _FILE_OFFSET_BITS 64
| #define STDC_HEADERS 1
| #define HAVE_ARPA_INET_H 1
| #define HAVE_FCNTL_H 1
| #define HAVE_INTTYPES_H 1
| #define HAVE_LIMITS_H 1
| #define HAVE_NETDB_H 1
| #define HAVE_NETINET_IN_H 1
| #define HAVE_STDLIB_H 1
| #define HAVE_STRING_H 1
| #define HAVE_SYS_IOCTL_H 1
| #define HAVE_SYS_SOCKET_H 1
| #define HAVE_SYS_TIME_H 1
| #define HAVE_SYSLOG_H 1
| #define HAVE_UNISTD_H 1
| #define HAVE_SYS_TYPES_H 1
| #define HAVE_SYS_SOCKET_H 1
| #define HAVE_VPRINTF 1
| #define HAVE_FSEEKO 1
| #define HAVE_STRNLEN 1
| #define HAVE_STRNDUP 1
| /* end confdefs.h.  */
| #include <pthread.h>
| int
| main ()
| {
| pthread_t th; pthread_join(th, 0);
|                      pthread_attr_init(0); pthread_cleanup_push(0, 0);
|                      pthread_create(0,0,0,0); pthread_cleanup_pop(0);
|   ;
|   return 0;
| }
configure:12174: result: no
configure:12077: checking whether pthreads work without any flags
configure:12165: gcc -o conftest -g -O2 -Os -Wall    conftest.c   >&5
conftest.c: In function 'main':
conftest.c:62:22: warning: null argument where non-null required (argument 1) [-Wnonnull]
                      pthread_attr_init(0); pthread_cleanup_push(0, 0);
                      ^~~~~~~~~~~~~~~~~
conftest.c:63:22: warning: null argument where non-null required (argument 1) [-Wnonnull]
                      pthread_create(0,0,0,0); pthread_cleanup_pop(0);
                      ^~~~~~~~~~~~~~
conftest.c:63:22: warning: null argument where non-null required (argument 3) [-Wnonnull]
conftest.c:61:15: warning: 'th' is used uninitialized in this function [-Wuninitialized]
 pthread_t th; pthread_join(th, 0);
               ^~~~~~~~~~~~~~~~~~~
/tmp/ccR8YVFG.o: In function `main':
/home/xiaonai/lxy/libupnp/libupnp-1.6.14/conftest.c:61: undefined reference to `pthread_join'
/home/xiaonai/lxy/libupnp/libupnp-1.6.14/conftest.c:62: undefined reference to `__pthread_register_cancel'
/home/xiaonai/lxy/libupnp/libupnp-1.6.14/conftest.c:63: undefined reference to `pthread_create'
/home/xiaonai/lxy/libupnp/libupnp-1.6.14/conftest.c:63: undefined reference to `__pthread_unregister_cancel'
collect2: error: ld returned 1 exit status
configure:12165: $? = 1
configure: failed program was:
| /* confdefs.h */
| #define PACKAGE_NAME "libupnp"
| #define PACKAGE_TARNAME "libupnp"
| #define PACKAGE_VERSION "1.6.14"
| #define PACKAGE_STRING "libupnp 1.6.14"
| #define PACKAGE_BUGREPORT "mroberto@users.sourceforge.net"
| #define PACKAGE_URL ""
| #define PACKAGE "libupnp"
| #define VERSION "1.6.14"
| #define UPNP_VERSION_STRING "1.6.14"
| #define UPNP_VERSION_MAJOR 1
| #define UPNP_VERSION_MINOR 6
| #define UPNP_VERSION_PATCH 14
| #define NO_DEBUG 1
| #define NDEBUG 1
| #define UPNP_HAVE_CLIENT 1
| #define UPNP_HAVE_DEVICE 1
| #define UPNP_HAVE_WEBSERVER 1
| #define UPNP_HAVE_TOOLS 1
| #define UPNP_ENABLE_NOTIFICATION_REORDERING 1
| #define UPNP_ENABLE_BLOCKING_TCP_CONNECTIONS 1
| #define STDC_HEADERS 1
| #define HAVE_SYS_TYPES_H 1
| #define HAVE_SYS_STAT_H 1
| #define HAVE_STDLIB_H 1
| #define HAVE_STRING_H 1
| #define HAVE_MEMORY_H 1
| #define HAVE_STRINGS_H 1
| #define HAVE_INTTYPES_H 1
| #define HAVE_STDINT_H 1
| #define HAVE_UNISTD_H 1
| #define HAVE_DLFCN_H 1
| #define LT_OBJDIR ".libs/"
| #define _LARGE_FILE_SOURCE /**/
| #define _FILE_OFFSET_BITS 64
| #define STDC_HEADERS 1
| #define HAVE_ARPA_INET_H 1
| #define HAVE_FCNTL_H 1
| #define HAVE_INTTYPES_H 1
| #define HAVE_LIMITS_H 1
| #define HAVE_NETDB_H 1
| #define HAVE_NETINET_IN_H 1
| #define HAVE_STDLIB_H 1
| #define HAVE_STRING_H 1
| #define HAVE_SYS_IOCTL_H 1
| #define HAVE_SYS_SOCKET_H 1
| #define HAVE_SYS_TIME_H 1
| #define HAVE_SYSLOG_H 1
| #define HAVE_UNISTD_H 1
| #define HAVE_SYS_TYPES_H 1
| #define HAVE_SYS_SOCKET_H 1
| #define HAVE_VPRINTF 1
| #define HAVE_FSEEKO 1
| #define HAVE_STRNLEN 1
| #define HAVE_STRNDUP 1
| /* end confdefs.h.  */
| #include <pthread.h>
| int
| main ()
| {
| pthread_t th; pthread_join(th, 0);
|                      pthread_attr_init(0); pthread_cleanup_push(0, 0);
|                      pthread_create(0,0,0,0); pthread_cleanup_pop(0);
|   ;
|   return 0;
| }
configure:12174: result: no
configure:12082: checking whether pthreads work with -Kthread
configure:12165: gcc -o conftest -g -O2 -Os -Wall -Kthread   conftest.c   >&5
gcc: error: unrecognized command line option '-Kthread'; did you mean '-pthread'?
configure:12165: $? = 1
configure: failed program was:
| /* confdefs.h */
| #define PACKAGE_NAME "libupnp"
| #define PACKAGE_TARNAME "libupnp"
| #define PACKAGE_VERSION "1.6.14"
| #define PACKAGE_STRING "libupnp 1.6.14"
| #define PACKAGE_BUGREPORT "mroberto@users.sourceforge.net"
| #define PACKAGE_URL ""
| #define PACKAGE "libupnp"
| #define VERSION "1.6.14"
| #define UPNP_VERSION_STRING "1.6.14"
| #define UPNP_VERSION_MAJOR 1
| #define UPNP_VERSION_MINOR 6
| #define UPNP_VERSION_PATCH 14
| #define NO_DEBUG 1
| #define NDEBUG 1
| #define UPNP_HAVE_CLIENT 1
| #define UPNP_HAVE_DEVICE 1
| #define UPNP_HAVE_WEBSERVER 1
| #define UPNP_HAVE_TOOLS 1
| #define UPNP_ENABLE_NOTIFICATION_REORDERING 1
| #define UPNP_ENABLE_BLOCKING_TCP_CONNECTIONS 1
| #define STDC_HEADERS 1
| #define HAVE_SYS_TYPES_H 1
| #define HAVE_SYS_STAT_H 1
| #define HAVE_STDLIB_H 1
| #define HAVE_STRING_H 1
| #define HAVE_MEMORY_H 1
| #define HAVE_STRINGS_H 1
| #define HAVE_INTTYPES_H 1
| #define HAVE_STDINT_H 1
| #define HAVE_UNISTD_H 1
| #define HAVE_DLFCN_H 1
| #define LT_OBJDIR ".libs/"
| #define _LARGE_FILE_SOURCE /**/
| #define _FILE_OFFSET_BITS 64
| #define STDC_HEADERS 1
| #define HAVE_ARPA_INET_H 1
| #define HAVE_FCNTL_H 1
| #define HAVE_INTTYPES_H 1
| #define HAVE_LIMITS_H 1
| #define HAVE_NETDB_H 1
| #define HAVE_NETINET_IN_H 1
| #define HAVE_STDLIB_H 1
| #define HAVE_STRING_H 1
| #define HAVE_SYS_IOCTL_H 1
| #define HAVE_SYS_SOCKET_H 1
| #define HAVE_SYS_TIME_H 1
| #define HAVE_SYSLOG_H 1
| #define HAVE_UNISTD_H 1
| #define HAVE_SYS_TYPES_H 1
| #define HAVE_SYS_SOCKET_H 1
| #define HAVE_VPRINTF 1
| #define HAVE_FSEEKO 1
| #define HAVE_STRNLEN 1
| #define HAVE_STRNDUP 1
| /* end confdefs.h.  */
| #include <pthread.h>
| int
| main ()
| {
| pthread_t th; pthread_join(th, 0);
|                      pthread_attr_init(0); pthread_cleanup_push(0, 0);
|                      pthread_create(0,0,0,0); pthread_cleanup_pop(0);
|   ;
|   return 0;
| }
configure:12174: result: no
configure:12082: checking whether pthreads work with -kthread
configure:12165: gcc -o conftest -g -O2 -Os -Wall -kthread   conftest.c   >&5
gcc: error: unrecognized command line option '-kthread'; did you mean '-pthread'?
configure:12165: $? = 1
configure: failed program was:
| /* confdefs.h */
| #define PACKAGE_NAME "libupnp"
| #define PACKAGE_TARNAME "libupnp"
| #define PACKAGE_VERSION "1.6.14"
| #define PACKAGE_STRING "libupnp 1.6.14"
| #define PACKAGE_BUGREPORT "mroberto@users.sourceforge.net"
| #define PACKAGE_URL ""
| #define PACKAGE "libupnp"
| #define VERSION "1.6.14"
| #define UPNP_VERSION_STRING "1.6.14"
| #define UPNP_VERSION_MAJOR 1
| #define UPNP_VERSION_MINOR 6
| #define UPNP_VERSION_PATCH 14
| #define NO_DEBUG 1
| #define NDEBUG 1
| #define UPNP_HAVE_CLIENT 1
| #define UPNP_HAVE_DEVICE 1
| #define UPNP_HAVE_WEBSERVER 1
| #define UPNP_HAVE_TOOLS 1
| #define UPNP_ENABLE_NOTIFICATION_REORDERING 1
| #define UPNP_ENABLE_BLOCKING_TCP_CONNECTIONS 1
| #define STDC_HEADERS 1
| #define HAVE_SYS_TYPES_H 1
| #define HAVE_SYS_STAT_H 1
| #define HAVE_STDLIB_H 1
| #define HAVE_STRING_H 1
| #define HAVE_MEMORY_H 1
| #define HAVE_STRINGS_H 1
| #define HAVE_INTTYPES_H 1
| #define HAVE_STDINT_H 1
| #define HAVE_UNISTD_H 1
| #define HAVE_DLFCN_H 1
| #define LT_OBJDIR ".libs/"
| #define _LARGE_FILE_SOURCE /**/
| #define _FILE_OFFSET_BITS 64
| #define STDC_HEADERS 1
| #define HAVE_ARPA_INET_H 1
| #define HAVE_FCNTL_H 1
| #define HAVE_INTTYPES_H 1
| #define HAVE_LIMITS_H 1
| #define HAVE_NETDB_H 1
| #define HAVE_NETINET_IN_H 1
| #define HAVE_STDLIB_H 1
| #define HAVE_STRING_H 1
| #define HAVE_SYS_IOCTL_H 1
| #define HAVE_SYS_SOCKET_H 1
| #define HAVE_SYS_TIME_H 1
| #define HAVE_SYSLOG_H 1
| #define HAVE_UNISTD_H 1
| #define HAVE_SYS_TYPES_H 1
| #define HAVE_SYS_SOCKET_H 1
| #define HAVE_VPRINTF 1
| #define HAVE_FSEEKO 1
| #define HAVE_STRNLEN 1
| #define HAVE_STRNDUP 1
| /* end confdefs.h.  */
| #include <pthread.h>
| int
| main ()
| {
| pthread_t th; pthread_join(th, 0);
|                      pthread_attr_init(0); pthread_cleanup_push(0, 0);
|                      pthread_create(0,0,0,0); pthread_cleanup_pop(0);
|   ;
|   return 0;
| }
configure:12174: result: no
configure:12132: checking for the pthreads library -llthread
configure:12165: gcc -o conftest -g -O2 -Os -Wall    conftest.c -llthread  >&5
conftest.c: In function 'main':
conftest.c:62:22: warning: null argument where non-null required (argument 1) [-Wnonnull]
                      pthread_attr_init(0); pthread_cleanup_push(0, 0);
                      ^~~~~~~~~~~~~~~~~
conftest.c:63:22: warning: null argument where non-null required (argument 1) [-Wnonnull]
                      pthread_create(0,0,0,0); pthread_cleanup_pop(0);
                      ^~~~~~~~~~~~~~
conftest.c:63:22: warning: null argument where non-null required (argument 3) [-Wnonnull]
conftest.c:61:15: warning: 'th' is used uninitialized in this function [-Wuninitialized]
 pthread_t th; pthread_join(th, 0);
               ^~~~~~~~~~~~~~~~~~~
/usr/bin/ld: cannot find -llthread
collect2: error: ld returned 1 exit status
configure:12165: $? = 1
configure: failed program was:
| /* confdefs.h */
| #define PACKAGE_NAME "libupnp"
| #define PACKAGE_TARNAME "libupnp"
| #define PACKAGE_VERSION "1.6.14"
| #define PACKAGE_STRING "libupnp 1.6.14"
| #define PACKAGE_BUGREPORT "mroberto@users.sourceforge.net"
| #define PACKAGE_URL ""
| #define PACKAGE "libupnp"
| #define VERSION "1.6.14"
| #define UPNP_VERSION_STRING "1.6.14"
| #define UPNP_VERSION_MAJOR 1
| #define UPNP_VERSION_MINOR 6
| #define UPNP_VERSION_PATCH 14
| #define NO_DEBUG 1
| #define NDEBUG 1
| #define UPNP_HAVE_CLIENT 1
| #define UPNP_HAVE_DEVICE 1
| #define UPNP_HAVE_WEBSERVER 1
| #define UPNP_HAVE_TOOLS 1
| #define UPNP_ENABLE_NOTIFICATION_REORDERING 1
| #define UPNP_ENABLE_BLOCKING_TCP_CONNECTIONS 1
| #define STDC_HEADERS 1
| #define HAVE_SYS_TYPES_H 1
| #define HAVE_SYS_STAT_H 1
| #define HAVE_STDLIB_H 1
| #define HAVE_STRING_H 1
| #define HAVE_MEMORY_H 1
| #define HAVE_STRINGS_H 1
| #define HAVE_INTTYPES_H 1
| #define HAVE_STDINT_H 1
| #define HAVE_UNISTD_H 1
| #define HAVE_DLFCN_H 1
| #define LT_OBJDIR ".libs/"
| #define _LARGE_FILE_SOURCE /**/
| #define _FILE_OFFSET_BITS 64
| #define STDC_HEADERS 1
| #define HAVE_ARPA_INET_H 1
| #define HAVE_FCNTL_H 1
| #define HAVE_INTTYPES_H 1
| #define HAVE_LIMITS_H 1
| #define HAVE_NETDB_H 1
| #define HAVE_NETINET_IN_H 1
| #define HAVE_STDLIB_H 1
| #define HAVE_STRING_H 1
| #define HAVE_SYS_IOCTL_H 1
| #define HAVE_SYS_SOCKET_H 1
| #define HAVE_SYS_TIME_H 1
| #define HAVE_SYSLOG_H 1
| #define HAVE_UNISTD_H 1
| #define HAVE_SYS_TYPES_H 1
| #define HAVE_SYS_SOCKET_H 1
| #define HAVE_VPRINTF 1
| #define HAVE_FSEEKO 1
| #define HAVE_STRNLEN 1
| #define HAVE_STRNDUP 1
| /* end confdefs.h.  */
| #include <pthread.h>
| int
| main ()
| {
| pthread_t th; pthread_join(th, 0);
|                      pthread_attr_init(0); pthread_cleanup_push(0, 0);
|                      pthread_create(0,0,0,0); pthread_cleanup_pop(0);
|   ;
|   return 0;
| }
configure:12174: result: no
configure:12082: checking whether pthreads work with -pthread
configure:12165: gcc -o conftest -g -O2 -Os -Wall -pthread   conftest.c   >&5
conftest.c: In function 'main':
conftest.c:62:22: warning: null argument where non-null required (argument 1) [-Wnonnull]
                      pthread_attr_init(0); pthread_cleanup_push(0, 0);
                      ^~~~~~~~~~~~~~~~~
conftest.c:63:22: warning: null argument where non-null required (argument 1) [-Wnonnull]
                      pthread_create(0,0,0,0); pthread_cleanup_pop(0);
                      ^~~~~~~~~~~~~~
conftest.c:63:22: warning: null argument where non-null required (argument 3) [-Wnonnull]
conftest.c:61:15: warning: 'th' is used uninitialized in this function [-Wuninitialized]
 pthread_t th; pthread_join(th, 0);
               ^~~~~~~~~~~~~~~~~~~
configure:12165: $? = 0
configure:12174: result: yes
configure:12193: checking for joinable pthread attribute
configure:12208: gcc -o conftest -g -O2 -Os -Wall -pthread   conftest.c   >&5
configure:12208: $? = 0
configure:12214: result: PTHREAD_CREATE_JOINABLE
configure:12224: checking if more special flags are required for pthreads
configure:12231: result: no
configure:12323: checking if pthread_rwlock_t is available
configure:12342: gcc -c -pthread -g -O2 -Os -Wall  conftest.c >&5
conftest.c: In function 'main':
conftest.c:62:19: warning: unused variable 'x' [-Wunused-variable]
 pthread_rwlock_t *x;
                   ^
configure:12342: $? = 0
configure:12346: result: yes, supported without any options
configure:12560: creating ./config.status

## ---------------------- ##
## Running config.status. ##
## ---------------------- ##

This file was extended by libupnp config.status 1.6.14, which was
generated by GNU Autoconf 2.68.  Invocation command line was

  CONFIG_FILES    = 
  CONFIG_HEADERS  = 
  CONFIG_LINKS    = 
  CONFIG_COMMANDS = 
  $ ./config.status 

on iZuf6csvghrbpog6po8kj8Z

config.status:1143: creating Makefile
config.status:1143: creating ixml/Makefile
config.status:1143: creating ixml/doc/Makefile
config.status:1143: creating threadutil/Makefile
config.status:1143: creating upnp/Makefile
config.status:1143: creating upnp/doc/Makefile
config.status:1143: creating upnp/sample/Makefile
config.status:1143: creating docs/dist/Makefile
config.status:1143: creating libupnp.pc
config.status:1143: creating autoconfig.h
config.status:1143: creating upnp/inc/upnpconfig.h
config.status:1372: executing depfiles commands
config.status:1372: executing libtool commands

## ---------------- ##
## Cache variables. ##
## ---------------- ##

ac_cv_build=x86_64-unknown-linux-gnu
ac_cv_c_compiler_gnu=yes
ac_cv_c_const=yes
ac_cv_cflags_gcc_option__Os=-Os
ac_cv_cflags_warn_all=-Wall
ac_cv_env_CC_set=
ac_cv_env_CC_value=
ac_cv_env_CFLAGS_set=
ac_cv_env_CFLAGS_value=
ac_cv_env_CPPFLAGS_set=
ac_cv_env_CPPFLAGS_value=
ac_cv_env_CPP_set=
ac_cv_env_CPP_value=
ac_cv_env_LDFLAGS_set=
ac_cv_env_LDFLAGS_value=
ac_cv_env_LIBS_set=
ac_cv_env_LIBS_value=
ac_cv_env_build_alias_set=
ac_cv_env_build_alias_value=
ac_cv_env_host_alias_set=
ac_cv_env_host_alias_value=
ac_cv_env_target_alias_set=
ac_cv_env_target_alias_value=
ac_cv_func__doprnt=no
ac_cv_func_strndup=yes
ac_cv_func_strnlen=yes
ac_cv_func_vprintf=yes
ac_cv_header_arpa_inet_h=yes
ac_cv_header_dlfcn_h=yes
ac_cv_header_fcntl_h=yes
ac_cv_header_inttypes_h=yes
ac_cv_header_limits_h=yes
ac_cv_header_memory_h=yes
ac_cv_header_netdb_h=yes
ac_cv_header_netinet_in_h=yes
ac_cv_header_stdc=yes
ac_cv_header_stdint_h=yes
ac_cv_header_stdlib_h=yes
ac_cv_header_string_h=yes
ac_cv_header_strings_h=yes
ac_cv_header_sys_ioctl_h=yes
ac_cv_header_sys_socket_h=yes
ac_cv_header_sys_stat_h=yes
ac_cv_header_sys_time_h=yes
ac_cv_header_sys_types_h=yes
ac_cv_header_syslog_h=yes
ac_cv_header_unistd_h=yes
ac_cv_header_ws2tcpip_h=no
ac_cv_host=x86_64-unknown-linux-gnu
ac_cv_objext=o
ac_cv_path_EGREP='/bin/grep -E'
ac_cv_path_FGREP='/bin/grep -F'
ac_cv_path_GREP=/bin/grep
ac_cv_path_SED=/bin/sed
ac_cv_path_install='/usr/bin/install -c'
ac_cv_path_mkdir=/bin/mkdir
ac_cv_prog_AWK=mawk
ac_cv_prog_CPP='gcc -E'
ac_cv_prog_ac_ct_AR=ar
ac_cv_prog_ac_ct_CC=gcc
ac_cv_prog_ac_ct_OBJDUMP=objdump
ac_cv_prog_ac_ct_RANLIB=ranlib
ac_cv_prog_ac_ct_STRIP=strip
ac_cv_prog_cc_c89=
ac_cv_prog_cc_g=yes
ac_cv_prog_cc_gcc_c_o=yes
ac_cv_prog_make_make_set=yes
ac_cv_search_bind='none required'
ac_cv_search_gethostbyname='none required'
ac_cv_search_sched_getparam='none required'
ac_cv_socklen_t=yes
ac_cv_sys_largefile_source=no
ac_cv_type_off_t=yes
ac_cv_type_size_t=yes
ac_cv_win32=no
am_cv_CC_dependencies_compiler_type=gcc3
lt_cv_deplibs_check_method=pass_all
lt_cv_file_magic_cmd='$MAGIC_CMD'
lt_cv_file_magic_test_file=
lt_cv_ld_reload_flag=-r
lt_cv_nm_interface='BSD nm'
lt_cv_objdir=.libs
lt_cv_path_LD=/usr/bin/ld
lt_cv_path_NM='/usr/bin/nm -B'
lt_cv_prog_compiler_c_o=yes
lt_cv_prog_compiler_pic_works=yes
lt_cv_prog_compiler_rtti_exceptions=no
lt_cv_prog_compiler_static_works=yes
lt_cv_prog_gnu_ld=yes
lt_cv_sys_global_symbol_pipe='sed -n -e '\''s/^.*[	 ]\([ABCDGIRSTW][ABCDGIRSTW]*\)[	 ][	 ]*\([_A-Za-z][_A-Za-z0-9]*\)$/\1 \2 \2/p'\'''
lt_cv_sys_global_symbol_to_c_name_address='sed -n -e '\''s/^: \([^ ]*\) $/  {\"\1\", (void *) 0},/p'\'' -e '\''s/^[ABCDGIRSTW]* \([^ ]*\) \([^ ]*\)$/  {"\2", (void *) \&\2},/p'\'''
lt_cv_sys_global_symbol_to_c_name_address_lib_prefix='sed -n -e '\''s/^: \([^ ]*\) $/  {\"\1\", (void *) 0},/p'\'' -e '\''s/^[ABCDGIRSTW]* \([^ ]*\) \(lib[^ ]*\)$/  {"\2", (void *) \&\2},/p'\'' -e '\''s/^[ABCDGIRSTW]* \([^ ]*\) \([^ ]*\)$/  {"lib\2", (void *) \&\2},/p'\'''
lt_cv_sys_global_symbol_to_cdecl='sed -n -e '\''s/^T .* \(.*\)$/extern int \1();/p'\'' -e '\''s/^[ABCDGIRSTW]* .* \(.*\)$/extern char \1;/p'\'''
lt_cv_sys_max_cmd_len=1572864

## ----------------- ##
## Output variables. ##
## ----------------- ##

ACLOCAL='${SHELL} /home/xiaonai/lxy/libupnp/libupnp-1.6.14/build-aux/missing --run aclocal-1.11'
AMDEPBACKSLASH='\'
AMDEP_FALSE='#'
AMDEP_TRUE=''
AMTAR='${SHELL} /home/xiaonai/lxy/libupnp/libupnp-1.6.14/build-aux/missing --run tar'
AR='ar'
AUTOCONF='${SHELL} /home/xiaonai/lxy/libupnp/libupnp-1.6.14/build-aux/missing --run autoconf'
AUTOHEADER='${SHELL} /home/xiaonai/lxy/libupnp/libupnp-1.6.14/build-aux/missing --run autoheader'
AUTOMAKE='${SHELL} /home/xiaonai/lxy/libupnp/libupnp-1.6.14/build-aux/missing --run automake-1.11'
AWK='mawk'
CC='gcc'
CCDEPMODE='depmode=gcc3'
CFLAGS='-pthread -g -O2 -Os -Wall'
CPP='gcc -E'
CPPFLAGS=''
CYGPATH_W='echo'
DEFS='-DHAVE_CONFIG_H'
DEPDIR='.deps'
DSYMUTIL=''
DUMPBIN=''
ECHO_C=''
ECHO_N='-n'
ECHO_T=''
EGREP='/bin/grep -E'
ENABLE_BLOCKING_TCP_CONNECTIONS_FALSE='#'
ENABLE_BLOCKING_TCP_CONNECTIONS_TRUE=''
ENABLE_CLIENT_FALSE='#'
ENABLE_CLIENT_TRUE=''
ENABLE_DEBUG_FALSE=''
ENABLE_DEBUG_TRUE='#'
ENABLE_DEVICE_FALSE='#'
ENABLE_DEVICE_TRUE=''
ENABLE_IPV6_FALSE=''
ENABLE_IPV6_TRUE='#'
ENABLE_NOTIFICATION_REORDERING_FALSE='#'
ENABLE_NOTIFICATION_REORDERING_TRUE=''
ENABLE_SAMPLES_FALSE='#'
ENABLE_SAMPLES_TRUE=''
ENABLE_TOOLS_FALSE='#'
ENABLE_TOOLS_TRUE=''
ENABLE_WEBSERVER_FALSE='#'
ENABLE_WEBSERVER_TRUE=''
EXEEXT=''
FGREP='/bin/grep -F'
GREP='/bin/grep'
INSTALL_DATA='${INSTALL} -m 644'
INSTALL_PROGRAM='${INSTALL}'
INSTALL_SCRIPT='${INSTALL}'
INSTALL_STRIP_PROGRAM='$(install_sh) -c -s'
LD='/usr/bin/ld -m elf_x86_64'
LDFLAGS=''
LIBOBJS=''
LIBS=' '
LIBTOOL='$(SHELL) $(top_builddir)/libtool'
LIPO=''
LN_S='ln -s'
LTLIBOBJS=''
LT_VERSION_IXML='2:6:0'
LT_VERSION_THREADUTIL='6:0:0'
LT_VERSION_UPNP='8:0:2'
MAKEINFO='${SHELL} /home/xiaonai/lxy/libupnp/libupnp-1.6.14/build-aux/missing --run makeinfo'
MKDIR_P='/bin/mkdir -p'
NM='/usr/bin/nm -B'
NMEDIT=''
OBJDUMP='objdump'
OBJEXT='o'
OTOOL64=''
OTOOL=''
PACKAGE='libupnp'
PACKAGE_BUGREPORT='mroberto@users.sourceforge.net'
PACKAGE_NAME='libupnp'
PACKAGE_STRING='libupnp 1.6.14'
PACKAGE_TARNAME='libupnp'
PACKAGE_URL=''
PACKAGE_VERSION='1.6.14'
PATH_SEPARATOR=':'
PTHREAD_CC='gcc'
PTHREAD_CFLAGS='-pthread'
PTHREAD_LIBS=''
RANLIB='ranlib'
SED='/bin/sed'
SET_MAKE=''
SHELL='/bin/bash'
STRIP='strip'
VERSION='1.6.14'
WITH_DOCUMENTATION_FALSE=''
WITH_DOCUMENTATION_TRUE='#'
ac_ct_CC='gcc'
ac_ct_DUMPBIN=''
acx_pthread_config=''
am__EXEEXT_FALSE=''
am__EXEEXT_TRUE='#'
am__fastdepCC_FALSE='#'
am__fastdepCC_TRUE=''
am__include='include'
am__isrc=''
am__leading_dot='.'
am__quote=''
am__tar='${AMTAR} chof - "$$tardir"'
am__untar='${AMTAR} xf -'
bindir='${exec_prefix}/bin'
build='x86_64-unknown-linux-gnu'
build_alias=''
build_cpu='x86_64'
build_os='linux-gnu'
build_vendor='unknown'
datadir='${datarootdir}'
datarootdir='${prefix}/share'
docdir='${datarootdir}/doc/libupnp-1.6.14'
dvidir='${docdir}'
exec_prefix='${prefix}'
host='x86_64-unknown-linux-gnu'
host_alias=''
host_cpu='x86_64'
host_os='linux-gnu'
host_vendor='unknown'
htmldir='${docdir}'
includedir='${prefix}/include'
infodir='${datarootdir}/info'
install_sh='${SHELL} /home/xiaonai/lxy/libupnp/libupnp-1.6.14/build-aux/install-sh'
libdir='${exec_prefix}/lib'
libexecdir='${exec_prefix}/libexec'
localedir='${datarootdir}/locale'
localstatedir='${prefix}/var'
lt_ECHO='echo'
mandir='${datarootdir}/man'
mkdir_p='/bin/mkdir -p'
oldincludedir='/usr/include'
pdfdir='${docdir}'
prefix='/usr/local'
program_transform_name='s,x,x,'
psdir='${docdir}'
sbindir='${exec_prefix}/sbin'
sharedstatedir='${prefix}/com'
sysconfdir='${prefix}/etc'
target_alias=''

## ----------- ##
## confdefs.h. ##
## ----------- ##

/* confdefs.h */
#define PACKAGE_NAME "libupnp"
#define PACKAGE_TARNAME "libupnp"
#define PACKAGE_VERSION "1.6.14"
#define PACKAGE_STRING "libupnp 1.6.14"
#define PACKAGE_BUGREPORT "mroberto@users.sourceforge.net"
#define PACKAGE_URL ""
#define PACKAGE "libupnp"
#define VERSION "1.6.14"
#define UPNP_VERSION_STRING "1.6.14"
#define UPNP_VERSION_MAJOR 1
#define UPNP_VERSION_MINOR 6
#define UPNP_VERSION_PATCH 14
#define NO_DEBUG 1
#define NDEBUG 1
#define UPNP_HAVE_CLIENT 1
#define UPNP_HAVE_DEVICE 1
#define UPNP_HAVE_WEBSERVER 1
#define UPNP_HAVE_TOOLS 1
#define UPNP_ENABLE_NOTIFICATION_REORDERING 1
#define UPNP_ENABLE_BLOCKING_TCP_CONNECTIONS 1
#define STDC_HEADERS 1
#define HAVE_SYS_TYPES_H 1
#define HAVE_SYS_STAT_H 1
#define HAVE_STDLIB_H 1
#define HAVE_STRING_H 1
#define HAVE_MEMORY_H 1
#define HAVE_STRINGS_H 1
#define HAVE_INTTYPES_H 1
#define HAVE_STDINT_H 1
#define HAVE_UNISTD_H 1
#define HAVE_DLFCN_H 1
#define LT_OBJDIR ".libs/"
#define _LARGE_FILE_SOURCE /**/
#define _FILE_OFFSET_BITS 64
#define STDC_HEADERS 1
#define HAVE_ARPA_INET_H 1
#define HAVE_FCNTL_H 1
#define HAVE_INTTYPES_H 1
#define HAVE_LIMITS_H 1
#define HAVE_NETDB_H 1
#define HAVE_NETINET_IN_H 1
#define HAVE_STDLIB_H 1
#define HAVE_STRING_H 1
#define HAVE_SYS_IOCTL_H 1
#define HAVE_SYS_SOCKET_H 1
#define HAVE_SYS_TIME_H 1
#define HAVE_SYSLOG_H 1
#define HAVE_UNISTD_H 1
#define HAVE_SYS_TYPES_H 1
#define HAVE_SYS_SOCKET_H 1
#define HAVE_VPRINTF 1
#define HAVE_FSEEKO 1
#define HAVE_STRNLEN 1
#define HAVE_STRNDUP 1
#define HAVE_PTHREAD 1
#define UPNP_USE_RWLOCK 1

configure: exit 0
